Arguments: 
  D:\Program Files\nodejs\node.exe D:\Program Files\nodejs\node_modules\yarn\bin\yarn.js --init

PATH: 
  C:\Users\L1399\.oh-my-posh;C:\Program Files\WindowsApps\Microsoft.PowerShell_7.2.4.0_x64__8wekyb3d8bbwe;D:\soft\mysql-5.7.36-winx64\bin;C:\Windows\system32;C:\Windows;C:\Windows\System32\Wbem;C:\Windows\System32\WindowsPowerShell\v1.0\;C:\Windows\System32\OpenSSH\;C:\Program Files (x86)\NVIDIA Corporation\PhysX\Common;C:\Program Files\NVIDIA Corporation\NVIDIA NvDLISR;C:\Program Files\Java\jdk-12.0.2\bin;C:\Program Files\Java\jdk-12.0.2\jre\bin;C:\Program Files\Microsoft SQL Server\110\Tools\Binn\;C:\WINDOWS\system32;C:\WINDOWS;C:\WINDOWS\System32\Wbem;C:\WINDOWS\System32\WindowsPowerShell\v1.0\;C:\WINDOWS\System32\OpenSSH\;C:\Program Files\Microsoft SQL Server\Client SDK\ODBC\130\Tools\Binn\;C:\Program Files (x86)\Microsoft SQL Server\140\Tools\Binn\;C:\Program Files\Microsoft SQL Server\140\Tools\Binn\;C:\Program Files\Microsoft SQL Server\140\DTS\Binn\;C:\Program Files (x86)\Microsoft SQL Server\150\DTS\Binn\;C:\Program Files\apache-tomcat-7.0.85\lib;C:\Program Files\apache-tomcat-7.0.85\bin;D:\Program Files\nodejs\;D:\Git\Git\cmd;D:\SVN\bin;C:\Program Files\TortoiseGit\bin;D:\Program Files\Java\jdk1.8.0_161\bin;C:\Users\L1399\AppData\Roaming\npm;C:\Users\L1399\AppData\Local\Microsoft\WindowsApps;C:\Program Files\Bandizip\;D:\VSCode\Microsoft VS Code\bin;;D:\WebStorm\WebStorm 2021.3.2\bin;

Yarn version: 
  1.22.18

Node version: 
  16.15.0

Platform: 
  win32 x64

Trace: 
  Error: ENOENT: no such file or directory, copyfile 'C:\Users\L1399\AppData\Local\Yarn\Cache\v6\npm-ms-2.1.2-d09d1f357b443f493382a8eb3ccd183872ae6009-integrity\node_modules\ms\index.js' -> 'E:\miniWebPack\node_modules\@babel\traverse\node_modules\ms\index.js'

npm manifest: 
  {
    "name": "miniwebpack",
    "type": "module",
    "version": "1.0.0",
    "description": "理解webpack核心思想",
    "main": "index.js",
    "directories": {
      "example": "example"
    },
    "scripts": {
      "test": "echo \"Error: no test specified\" && exit 1"
    },
    "repository": {
      "type": "git",
      "url": "git+https://github.com/MEIYA-yl/miniWebPack.git"
    },
    "keywords": [],
    "author": "",
    "license": "ISC",
    "bugs": {
      "url": "https://github.com/MEIYA-yl/miniWebPack/issues"
    },
    "homepage": "https://github.com/MEIYA-yl/miniWebPack#readme",
    "dependencies": {
      "@babel/parser": "^7.17.12",
      "@babel/traverse": "^7.17.12",
      "babel-core": "^6.26.3",
      "babel-preset-env": "^1.7.0",
      "ejs": "^3.1.8"
    }
  }

yarn manifest: 
  No manifest

Lockfile: 
  No lockfile
